<?xml version="1.0" encoding="UTF-8"?>
<!-- Generated by org.testng.reporters.JUnitReportReporter -->
<testsuite hostname="DESKTOP-TBQCS5M" failures="0" tests="1" name="testCases.Tc002_LoginTest" time="23.817" errors="0" timestamp="2025-07-24T19:42:10 IST" skipped="0">
  <testcase classname="testCases.Tc002_LoginTest" name="verify_login" time="23.817"/>
</testsuite> <!-- testCases.Tc002_LoginTest -->
