<?xml version="1.0" encoding="UTF-8"?>
<!-- Generated by org.testng.reporters.JUnitReportReporter -->
<testsuite hostname="DESKTOP-TBQCS5M" failures="0" tests="1" name="testCases.TC_CorporateAccountRegistrationTest" time="10.212" errors="0" timestamp="2025-06-23T16:29:18 IST" skipped="0">
  <testcase classname="testCases.TC_CorporateAccountRegistrationTest" name="Verify_CorporateAccountRegistration" time="10.212"/>
</testsuite> <!-- testCases.TC_CorporateAccountRegistrationTest -->
