<?xml version="1.0" encoding="UTF-8"?>
<!-- Generated by org.testng.reporters.JUnitReportReporter -->
<testsuite hostname="DESKTOP-TBQCS5M" failures="0" tests="1" name="testCases.Tc002_LoginTest" time="23.152" errors="0" timestamp="2025-07-25T13:56:18 IST" skipped="0">
  <testcase classname="testCases.Tc002_LoginTest" name="verify_login" time="23.152"/>
</testsuite> <!-- testCases.Tc002_LoginTest -->
